<?xml version="1.0" encoding="UTF-8"?>
<coverage generated="1762658359531" clover="3.2.0">
  <project timestamp="1762658359531" name="All files">
    <metrics statements="21" coveredstatements="19" conditionals="11" coveredconditionals="9" methods="7" coveredmethods="7" elements="39" coveredelements="35" complexity="0" loc="21" ncloc="21" packages="2" files="5" classes="5"/>
    <package name="TDD">
      <metrics statements="8" coveredstatements="8" conditionals="6" coveredconditionals="6" methods="2" coveredmethods="2"/>
      <file name="dateFormatter.js" path="/Users/kunnikar/Desktop/TDD/dateFormatter.js">
        <metrics statements="6" coveredstatements="6" conditionals="2" coveredconditionals="2" methods="1" coveredmethods="1"/>
        <line num="2" count="4" type="cond" truecount="2" falsecount="0"/>
        <line num="3" count="2" type="stmt"/>
        <line num="4" count="2" type="stmt"/>
        <line num="5" count="2" type="stmt"/>
        <line num="6" count="2" type="stmt"/>
        <line num="7" count="2" type="stmt"/>
      </file>
      <file name="passwordValidator.js" path="/Users/kunnikar/Desktop/TDD/passwordValidator.js">
        <metrics statements="2" coveredstatements="2" conditionals="4" coveredconditionals="4" methods="1" coveredmethods="1"/>
        <line num="2" count="3" type="cond" truecount="4" falsecount="0"/>
        <line num="3" count="2" type="stmt"/>
      </file>
    </package>
    <package name="TDD.LearnTDD">
      <metrics statements="13" coveredstatements="11" conditionals="5" coveredconditionals="3" methods="5" coveredmethods="5"/>
      <file name="fetchAdviceById.js" path="/Users/kunnikar/Desktop/TDD/LearnTDD/fetchAdviceById.js">
        <metrics statements="6" coveredstatements="5" conditionals="2" coveredconditionals="1" methods="1" coveredmethods="1"/>
        <line num="2" count="1" type="stmt"/>
        <line num="3" count="1" type="stmt"/>
        <line num="4" count="1" type="cond" truecount="1" falsecount="1"/>
        <line num="5" count="1" type="stmt"/>
        <line num="6" count="1" type="stmt"/>
        <line num="8" count="0" type="stmt"/>
      </file>
      <file name="fetchData.js" path="/Users/kunnikar/Desktop/TDD/LearnTDD/fetchData.js">
        <metrics statements="6" coveredstatements="5" conditionals="3" coveredconditionals="2" methods="3" coveredmethods="3"/>
        <line num="11" count="1" type="cond" truecount="1" falsecount="0"/>
        <line num="12" count="1" type="stmt"/>
        <line num="13" count="1" type="stmt"/>
        <line num="14" count="1" type="cond" truecount="1" falsecount="1"/>
        <line num="15" count="1" type="stmt"/>
        <line num="17" count="0" type="stmt"/>
      </file>
      <file name="sum.js" path="/Users/kunnikar/Desktop/TDD/LearnTDD/sum.js">
        <metrics statements="1" coveredstatements="1" conditionals="0" coveredconditionals="0" methods="1" coveredmethods="1"/>
        <line num="2" count="1" type="stmt"/>
      </file>
    </package>
  </project>
</coverage>
