TN:
SF:dateFormatter.js
FN:1,formatDate
FNF:1
FNH:1
FNDA:4,formatDate
DA:2,4
DA:3,2
DA:4,2
DA:5,2
DA:6,2
DA:7,2
LF:6
LH:6
BRDA:2,0,0,2
BRDA:2,0,1,2
BRF:2
BRH:2
end_of_record
TN:
SF:passwordValidator.js
FN:1,validatePassword
FNF:1
FNH:1
FNDA:3,validatePassword
DA:2,3
DA:3,2
LF:2
LH:2
BRDA:2,0,0,1
BRDA:2,0,1,2
BRDA:2,1,0,3
BRDA:2,1,1,3
BRF:4
BRH:4
end_of_record
TN:
SF:LearnTDD/fetchAdviceById.js
FN:1,fetchAdviceById
FNF:1
FNH:1
FNDA:1,fetchAdviceById
DA:2,1
DA:3,1
DA:4,1
DA:5,1
DA:6,1
DA:8,0
LF:6
LH:5
BRDA:4,0,0,0
BRDA:4,0,1,1
BRF:2
BRH:1
end_of_record
TN:
SF:LearnTDD/fetchData.js
FN:11,(anonymous_0)
FN:12,(anonymous_1)
FN:13,(anonymous_2)
FNF:3
FNH:3
FNDA:1,(anonymous_0)
FNDA:1,(anonymous_1)
FNDA:1,(anonymous_2)
DA:11,1
DA:12,1
DA:13,1
DA:14,1
DA:15,1
DA:17,0
LF:6
LH:5
BRDA:11,0,0,1
BRDA:14,1,0,1
BRDA:14,1,1,0
BRF:3
BRH:2
end_of_record
TN:
SF:LearnTDD/sum.js
FN:1,sum
FNF:1
FNH:1
FNDA:1,sum
DA:2,1
LF:1
LH:1
BRF:0
BRH:0
end_of_record
